<?xml version="1.0" encoding="UTF-8"?>
<!-- Generated by org.testng.reporters.JUnitReportReporter -->
<testsuite hostname="INLT1501" failures="0" tests="2" name="com.adaptikPolicyAndBilling.qa.testCases.LoginPageTest" time="108.418" errors="0" timestamp="2022-02-13T22:34:24 IST" skipped="0">
  <testcase classname="com.adaptikPolicyAndBilling.qa.testCases.LoginPageTest" name="loginPageTitleTest" time="29.406"/>
  <system-out/>
  <testcase classname="com.adaptikPolicyAndBilling.qa.testCases.LoginPageTest" name="loginTest" time="79.012"/>
  <system-out/>
</testsuite> <!-- com.adaptikPolicyAndBilling.qa.testCases.LoginPageTest -->
