<?xml version="1.0" encoding="UTF-8"?>
<!-- Generated by org.testng.reporters.JUnitReportReporter -->
<testsuite hostname="INLT1501" failures="0" tests="3" name="com.adaptikPolicyAndBilling.qa.testCases.SearchPageTest" time="136.576" errors="0" timestamp="2022-02-13T22:34:24 IST" skipped="0">
  <testcase classname="com.adaptikPolicyAndBilling.qa.testCases.SearchPageTest" name="SearchPageTitleTest" time="40.619"/>
  <system-out/>
  <testcase classname="com.adaptikPolicyAndBilling.qa.testCases.SearchPageTest" name="AccountSearch" time="43.593"/>
  <system-out/>
  <testcase classname="com.adaptikPolicyAndBilling.qa.testCases.SearchPageTest" name="AccountSearch" time="52.364"/>
  <system-out/>
</testsuite> <!-- com.adaptikPolicyAndBilling.qa.testCases.SearchPageTest -->
