<?xml version="1.0" encoding="UTF-8"?>
<!-- Generated by org.testng.reporters.JUnitReportReporter -->
<testsuite hostname="INLT1501" failures="0" tests="2" name="com.adaptikPolicyAndBilling.qa.testCases.RemittanceBatchPageTest" time="231.769" errors="0" timestamp="2022-02-15T00:37:04 IST" skipped="0">
  <testcase classname="com.adaptikPolicyAndBilling.qa.testCases.RemittanceBatchPageTest" name="remittanceBatchDetailsTest" time="115.546"/>
  <system-out/>
  <testcase classname="com.adaptikPolicyAndBilling.qa.testCases.RemittanceBatchPageTest" name="remittanceBatchDetailsTest" time="116.223"/>
  <system-out/>
</testsuite> <!-- com.adaptikPolicyAndBilling.qa.testCases.RemittanceBatchPageTest -->
