<?xml version="1.0" encoding="UTF-8"?>
<testsuite xmlns:xsi="http://www.w3.org/2001/XMLSchema-instance" xsi:noNamespaceSchemaLocation="https://maven.apache.org/surefire/maven-surefire-plugin/xsd/surefire-test-report.xsd" name="TestSuite" time="513.963" tests="9" errors="0" skipped="0" failures="3">
  <properties>
    <property name="java.specification.version" value="17"/>
    <property name="sun.cpu.isalist" value="amd64"/>
    <property name="sun.jnu.encoding" value="Cp1252"/>
    <property name="java.class.path" value="C:\Users\Shaik.Ahmed\git\AdaptikApplications\SapinesPolicyAndBillingTest\target\test-classes;C:\Users\Shaik.Ahmed\git\AdaptikApplications\SapinesPolicyAndBillingTest\target\classes;C:\Users\Shaik.Ahmed\.m2\repository\org\seleniumhq\selenium\selenium-java\4.1.2\selenium-java-4.1.2.jar;C:\Users\Shaik.Ahmed\.m2\repository\org\seleniumhq\selenium\selenium-api\4.1.2\selenium-api-4.1.2.jar;C:\Users\Shaik.Ahmed\.m2\repository\org\seleniumhq\selenium\selenium-chrome-driver\4.1.2\selenium-chrome-driver-4.1.2.jar;C:\Users\Shaik.Ahmed\.m2\repository\com\google\auto\service\auto-service-annotations\1.0.1\auto-service-annotations-1.0.1.jar;C:\Users\Shaik.Ahmed\.m2\repository\com\google\auto\service\auto-service\1.0.1\auto-service-1.0.1.jar;C:\Users\Shaik.Ahmed\.m2\repository\com\google\auto\auto-common\1.2\auto-common-1.2.jar;C:\Users\Shaik.Ahmed\.m2\repository\com\google\guava\guava\31.0.1-jre\guava-31.0.1-jre.jar;C:\Users\Shaik.Ahmed\.m2\repository\com\google\guava\failureaccess\1.0.1\failureaccess-1.0.1.jar;C:\Users\Shaik.Ahmed\.m2\repository\com\google\guava\listenablefuture\9999.0-empty-to-avoid-conflict-with-guava\listenablefuture-9999.0-empty-to-avoid-conflict-with-guava.jar;C:\Users\Shaik.Ahmed\.m2\repository\org\checkerframework\checker-qual\3.12.0\checker-qual-3.12.0.jar;C:\Users\Shaik.Ahmed\.m2\repository\com\google\errorprone\error_prone_annotations\2.7.1\error_prone_annotations-2.7.1.jar;C:\Users\Shaik.Ahmed\.m2\repository\com\google\j2objc\j2objc-annotations\1.3\j2objc-annotations-1.3.jar;C:\Users\Shaik.Ahmed\.m2\repository\org\seleniumhq\selenium\selenium-chromium-driver\4.1.2\selenium-chromium-driver-4.1.2.jar;C:\Users\Shaik.Ahmed\.m2\repository\org\seleniumhq\selenium\selenium-json\4.1.2\selenium-json-4.1.2.jar;C:\Users\Shaik.Ahmed\.m2\repository\org\seleniumhq\selenium\selenium-devtools-v85\4.1.2\selenium-devtools-v85-4.1.2.jar;C:\Users\Shaik.Ahmed\.m2\repository\org\seleniumhq\selenium\selenium-devtools-v95\4.1.2\selenium-devtools-v95-4.1.2.jar;C:\Users\Shaik.Ahmed\.m2\repository\org\seleniumhq\selenium\selenium-devtools-v96\4.1.2\selenium-devtools-v96-4.1.2.jar;C:\Users\Shaik.Ahmed\.m2\repository\org\seleniumhq\selenium\selenium-devtools-v97\4.1.2\selenium-devtools-v97-4.1.2.jar;C:\Users\Shaik.Ahmed\.m2\repository\org\seleniumhq\selenium\selenium-edge-driver\4.1.2\selenium-edge-driver-4.1.2.jar;C:\Users\Shaik.Ahmed\.m2\repository\org\seleniumhq\selenium\selenium-firefox-driver\4.1.2\selenium-firefox-driver-4.1.2.jar;C:\Users\Shaik.Ahmed\.m2\repository\org\seleniumhq\selenium\selenium-firefox-xpi-driver\4.1.2\selenium-firefox-xpi-driver-4.1.2.jar;C:\Users\Shaik.Ahmed\.m2\repository\org\seleniumhq\selenium\selenium-ie-driver\4.1.2\selenium-ie-driver-4.1.2.jar;C:\Users\Shaik.Ahmed\.m2\repository\org\seleniumhq\selenium\selenium-opera-driver\4.1.2\selenium-opera-driver-4.1.2.jar;C:\Users\Shaik.Ahmed\.m2\repository\org\seleniumhq\selenium\selenium-remote-driver\4.1.2\selenium-remote-driver-4.1.2.jar;C:\Users\Shaik.Ahmed\.m2\repository\io\netty\netty-buffer\4.1.73.Final\netty-buffer-4.1.73.Final.jar;C:\Users\Shaik.Ahmed\.m2\repository\io\netty\netty-codec-http\4.1.73.Final\netty-codec-http-4.1.73.Final.jar;C:\Users\Shaik.Ahmed\.m2\repository\io\netty\netty-codec\4.1.73.Final\netty-codec-4.1.73.Final.jar;C:\Users\Shaik.Ahmed\.m2\repository\io\netty\netty-handler\4.1.73.Final\netty-handler-4.1.73.Final.jar;C:\Users\Shaik.Ahmed\.m2\repository\io\netty\netty-tcnative-classes\2.0.46.Final\netty-tcnative-classes-2.0.46.Final.jar;C:\Users\Shaik.Ahmed\.m2\repository\io\netty\netty-common\4.1.73.Final\netty-common-4.1.73.Final.jar;C:\Users\Shaik.Ahmed\.m2\repository\io\netty\netty-transport-classes-epoll\4.1.73.Final\netty-transport-classes-epoll-4.1.73.Final.jar;C:\Users\Shaik.Ahmed\.m2\repository\io\netty\netty-transport-classes-kqueue\4.1.73.Final\netty-transport-classes-kqueue-4.1.73.Final.jar;C:\Users\Shaik.Ahmed\.m2\repository\io\netty\netty-transport-native-epoll\4.1.73.Final\netty-transport-native-epoll-4.1.73.Final.jar;C:\Users\Shaik.Ahmed\.m2\repository\io\netty\netty-transport-native-kqueue\4.1.73.Final\netty-transport-native-kqueue-4.1.73.Final.jar;C:\Users\Shaik.Ahmed\.m2\repository\io\netty\netty-transport-native-unix-common\4.1.73.Final\netty-transport-native-unix-common-4.1.73.Final.jar;C:\Users\Shaik.Ahmed\.m2\repository\io\netty\netty-transport\4.1.73.Final\netty-transport-4.1.73.Final.jar;C:\Users\Shaik.Ahmed\.m2\repository\io\netty\netty-resolver\4.1.73.Final\netty-resolver-4.1.73.Final.jar;C:\Users\Shaik.Ahmed\.m2\repository\io\opentelemetry\opentelemetry-api\1.10.1\opentelemetry-api-1.10.1.jar;C:\Users\Shaik.Ahmed\.m2\repository\io\opentelemetry\opentelemetry-context\1.10.1\opentelemetry-context-1.10.1.jar;C:\Users\Shaik.Ahmed\.m2\repository\io\opentelemetry\opentelemetry-exporter-logging\1.10.1\opentelemetry-exporter-logging-1.10.1.jar;C:\Users\Shaik.Ahmed\.m2\repository\io\opentelemetry\opentelemetry-sdk-metrics\1.10.1-alpha\opentelemetry-sdk-metrics-1.10.1-alpha.jar;C:\Users\Shaik.Ahmed\.m2\repository\io\opentelemetry\opentelemetry-sdk-logs\1.10.1-alpha\opentelemetry-sdk-logs-1.10.1-alpha.jar;C:\Users\Shaik.Ahmed\.m2\repository\io\opentelemetry\opentelemetry-sdk-common\1.10.1\opentelemetry-sdk-common-1.10.1.jar;C:\Users\Shaik.Ahmed\.m2\repository\io\opentelemetry\opentelemetry-sdk-extension-autoconfigure-spi\1.10.1\opentelemetry-sdk-extension-autoconfigure-spi-1.10.1.jar;C:\Users\Shaik.Ahmed\.m2\repository\io\opentelemetry\opentelemetry-sdk-extension-autoconfigure\1.10.1-alpha\opentelemetry-sdk-extension-autoconfigure-1.10.1-alpha.jar;C:\Users\Shaik.Ahmed\.m2\repository\io\opentelemetry\opentelemetry-sdk-trace\1.10.1\opentelemetry-sdk-trace-1.10.1.jar;C:\Users\Shaik.Ahmed\.m2\repository\io\opentelemetry\opentelemetry-sdk\1.10.1\opentelemetry-sdk-1.10.1.jar;C:\Users\Shaik.Ahmed\.m2\repository\io\opentelemetry\opentelemetry-semconv\1.10.1-alpha\opentelemetry-semconv-1.10.1-alpha.jar;C:\Users\Shaik.Ahmed\.m2\repository\io\ous\jtoml\2.0.0\jtoml-2.0.0.jar;C:\Users\Shaik.Ahmed\.m2\repository\net\bytebuddy\byte-buddy\1.12.7\byte-buddy-1.12.7.jar;C:\Users\Shaik.Ahmed\.m2\repository\org\apache\commons\commons-exec\1.3\commons-exec-1.3.jar;C:\Users\Shaik.Ahmed\.m2\repository\org\asynchttpclient\async-http-client\2.12.3\async-http-client-2.12.3.jar;C:\Users\Shaik.Ahmed\.m2\repository\org\asynchttpclient\async-http-client-netty-utils\2.12.3\async-http-client-netty-utils-2.12.3.jar;C:\Users\Shaik.Ahmed\.m2\repository\io\netty\netty-codec-socks\4.1.60.Final\netty-codec-socks-4.1.60.Final.jar;C:\Users\Shaik.Ahmed\.m2\repository\io\netty\netty-handler-proxy\4.1.60.Final\netty-handler-proxy-4.1.60.Final.jar;C:\Users\Shaik.Ahmed\.m2\repository\io\netty\netty-transport-native-epoll\4.1.60.Final\netty-transport-native-epoll-4.1.60.Final-linux-x86_64.jar;C:\Users\Shaik.Ahmed\.m2\repository\io\netty\netty-transport-native-kqueue\4.1.60.Final\netty-transport-native-kqueue-4.1.60.Final-osx-x86_64.jar;C:\Users\Shaik.Ahmed\.m2\repository\org\reactivestreams\reactive-streams\1.0.3\reactive-streams-1.0.3.jar;C:\Users\Shaik.Ahmed\.m2\repository\com\typesafe\netty\netty-reactive-streams\2.0.4\netty-reactive-streams-2.0.4.jar;C:\Users\Shaik.Ahmed\.m2\repository\com\sun\activation\jakarta.activation\1.2.2\jakarta.activation-1.2.2.jar;C:\Users\Shaik.Ahmed\.m2\repository\org\seleniumhq\selenium\selenium-http\4.1.2\selenium-http-4.1.2.jar;C:\Users\Shaik.Ahmed\.m2\repository\net\jodah\failsafe\2.4.4\failsafe-2.4.4.jar;C:\Users\Shaik.Ahmed\.m2\repository\org\seleniumhq\selenium\selenium-safari-driver\4.1.2\selenium-safari-driver-4.1.2.jar;C:\Users\Shaik.Ahmed\.m2\repository\org\seleniumhq\selenium\selenium-support\4.1.2\selenium-support-4.1.2.jar;C:\Users\Shaik.Ahmed\.m2\repository\org\testng\testng\7.5\testng-7.5.jar;C:\Users\Shaik.Ahmed\.m2\repository\com\google\code\findbugs\jsr305\3.0.1\jsr305-3.0.1.jar;C:\Users\Shaik.Ahmed\.m2\repository\org\slf4j\slf4j-api\1.7.32\slf4j-api-1.7.32.jar;C:\Users\Shaik.Ahmed\.m2\repository\com\beust\jcommander\1.78\jcommander-1.78.jar;C:\Users\Shaik.Ahmed\.m2\repository\org\webjars\jquery\3.5.1\jquery-3.5.1.jar;C:\Users\Shaik.Ahmed\.m2\repository\com\relevantcodes\extentreports\2.41.2\extentreports-2.41.2.jar;C:\Users\Shaik.Ahmed\.m2\repository\org\jsoup\jsoup\1.8.3\jsoup-1.8.3.jar;C:\Users\Shaik.Ahmed\.m2\repository\org\xerial\sqlite-jdbc\3.8.11.1\sqlite-jdbc-3.8.11.1.jar;C:\Users\Shaik.Ahmed\.m2\repository\org\freemarker\freemarker\2.3.23\freemarker-2.3.23.jar;C:\Users\Shaik.Ahmed\.m2\repository\org\mongodb\mongodb-driver\3.0.4\mongodb-driver-3.0.4.jar;C:\Users\Shaik.Ahmed\.m2\repository\org\mongodb\bson\3.0.4\bson-3.0.4.jar;C:\Users\Shaik.Ahmed\.m2\repository\org\mongodb\mongodb-driver-core\3.0.4\mongodb-driver-core-3.0.4.jar;C:\Users\Shaik.Ahmed\.m2\repository\org\apache\poi\poi\3.9\poi-3.9.jar;C:\Users\Shaik.Ahmed\.m2\repository\commons-codec\commons-codec\1.5\commons-codec-1.5.jar;C:\Users\Shaik.Ahmed\.m2\repository\org\apache\poi\poi-ooxml\3.9\poi-ooxml-3.9.jar;C:\Users\Shaik.Ahmed\.m2\repository\dom4j\dom4j\1.6.1\dom4j-1.6.1.jar;C:\Users\Shaik.Ahmed\.m2\repository\xml-apis\xml-apis\1.0.b2\xml-apis-1.0.b2.jar;C:\Users\Shaik.Ahmed\.m2\repository\org\apache\poi\poi-ooxml-schemas\3.9\poi-ooxml-schemas-3.9.jar;C:\Users\Shaik.Ahmed\.m2\repository\org\apache\xmlbeans\xmlbeans\2.3.0\xmlbeans-2.3.0.jar;C:\Users\Shaik.Ahmed\.m2\repository\stax\stax-api\1.0.1\stax-api-1.0.1.jar;C:\Users\Shaik.Ahmed\.m2\repository\org\apache\poi\poi-scratchpad\3.9\poi-scratchpad-3.9.jar;C:\Users\Shaik.Ahmed\.m2\repository\org\apache\poi\ooxml-schemas\1.1\ooxml-schemas-1.1.jar;C:\Users\Shaik.Ahmed\.m2\repository\org\apache\poi\openxml4j\1.0-beta\openxml4j-1.0-beta.jar;C:\Users\Shaik.Ahmed\.m2\repository\log4j\log4j\1.2.8\log4j-1.2.8.jar;C:\Users\Shaik.Ahmed\.m2\repository\commons-io\commons-io\2.6\commons-io-2.6.jar;C:\Users\Shaik.Ahmed\.m2\repository\io\qameta\allure\allure-testng\2.17.2\allure-testng-2.17.2.jar;C:\Users\Shaik.Ahmed\.m2\repository\io\qameta\allure\allure-java-commons\2.17.2\allure-java-commons-2.17.2.jar;C:\Users\Shaik.Ahmed\.m2\repository\io\qameta\allure\allure-model\2.17.2\allure-model-2.17.2.jar;C:\Users\Shaik.Ahmed\.m2\repository\io\qameta\allure\allure-test-filter\2.17.2\allure-test-filter-2.17.2.jar;C:\Users\Shaik.Ahmed\.m2\repository\org\seleniumhq\selenium\htmlunit-driver\3.58.0\htmlunit-driver-3.58.0.jar;C:\Users\Shaik.Ahmed\.m2\repository\net\sourceforge\htmlunit\htmlunit\2.58.0\htmlunit-2.58.0.jar;C:\Users\Shaik.Ahmed\.m2\repository\xalan\xalan\2.7.2\xalan-2.7.2.jar;C:\Users\Shaik.Ahmed\.m2\repository\xalan\serializer\2.7.2\serializer-2.7.2.jar;C:\Users\Shaik.Ahmed\.m2\repository\org\apache\commons\commons-lang3\3.12.0\commons-lang3-3.12.0.jar;C:\Users\Shaik.Ahmed\.m2\repository\org\apache\commons\commons-text\1.9\commons-text-1.9.jar;C:\Users\Shaik.Ahmed\.m2\repository\org\apache\httpcomponents\httpmime\4.5.13\httpmime-4.5.13.jar;C:\Users\Shaik.Ahmed\.m2\repository\org\apache\httpcomponents\httpclient\4.5.13\httpclient-4.5.13.jar;C:\Users\Shaik.Ahmed\.m2\repository\org\apache\httpcomponents\httpcore\4.4.13\httpcore-4.4.13.jar;C:\Users\Shaik.Ahmed\.m2\repository\net\sourceforge\htmlunit\htmlunit-core-js\2.58.0\htmlunit-core-js-2.58.0.jar;C:\Users\Shaik.Ahmed\.m2\repository\net\sourceforge\htmlunit\neko-htmlunit\2.58.0\neko-htmlunit-2.58.0.jar;C:\Users\Shaik.Ahmed\.m2\repository\xerces\xercesImpl\2.12.2\xercesImpl-2.12.2.jar;C:\Users\Shaik.Ahmed\.m2\repository\net\sourceforge\htmlunit\htmlunit-cssparser\1.11.0\htmlunit-cssparser-1.11.0.jar;C:\Users\Shaik.Ahmed\.m2\repository\commons-logging\commons-logging\1.2\commons-logging-1.2.jar;C:\Users\Shaik.Ahmed\.m2\repository\commons-net\commons-net\3.8.0\commons-net-3.8.0.jar;C:\Users\Shaik.Ahmed\.m2\repository\org\brotli\dec\0.1.2\dec-0.1.2.jar;C:\Users\Shaik.Ahmed\.m2\repository\com\shapesecurity\salvation2\3.0.0\salvation2-3.0.0.jar;C:\Users\Shaik.Ahmed\.m2\repository\org\eclipse\jetty\websocket\websocket-client\9.4.44.v20210927\websocket-client-9.4.44.v20210927.jar;C:\Users\Shaik.Ahmed\.m2\repository\org\eclipse\jetty\jetty-client\9.4.44.v20210927\jetty-client-9.4.44.v20210927.jar;C:\Users\Shaik.Ahmed\.m2\repository\org\eclipse\jetty\jetty-http\9.4.44.v20210927\jetty-http-9.4.44.v20210927.jar;C:\Users\Shaik.Ahmed\.m2\repository\org\eclipse\jetty\jetty-util\9.4.44.v20210927\jetty-util-9.4.44.v20210927.jar;C:\Users\Shaik.Ahmed\.m2\repository\org\eclipse\jetty\jetty-io\9.4.44.v20210927\jetty-io-9.4.44.v20210927.jar;C:\Users\Shaik.Ahmed\.m2\repository\org\eclipse\jetty\websocket\websocket-common\9.4.44.v20210927\websocket-common-9.4.44.v20210927.jar;C:\Users\Shaik.Ahmed\.m2\repository\org\eclipse\jetty\websocket\websocket-api\9.4.44.v20210927\websocket-api-9.4.44.v20210927.jar;"/>
    <property name="java.vm.vendor" value="Eclipse Adoptium"/>
    <property name="sun.arch.data.model" value="64"/>
    <property name="user.variant" value=""/>
    <property name="java.vendor.url" value="https://adoptium.net/"/>
    <property name="user.timezone" value="Asia/Calcutta"/>
    <property name="os.name" value="Windows 10"/>
    <property name="java.vm.specification.version" value="17"/>
    <property name="sun.java.launcher" value="SUN_STANDARD"/>
    <property name="user.country" value="IN"/>
    <property name="sun.boot.library.path" value="C:\Users\Shaik.Ahmed\.p2\pool\plugins\org.eclipse.justj.openjdk.hotspot.jre.full.win32.x86_64_17.0.1.v20211116-1657\jre\bin"/>
    <property name="sun.java.command" value="C:\Users\SHAIK~1.AHM\AppData\Local\Temp\surefire5691376947460305482\surefirebooter3358784270326361427.jar C:\Users\Shaik.Ahmed\AppData\Local\Temp\surefire5691376947460305482 2022-02-15T00-28-28_375-jvmRun1 surefire7260612654299234145tmp surefire_04575432219265502139tmp"/>
    <property name="jdk.debug" value="release"/>
    <property name="surefire.test.class.path" value="C:\Users\Shaik.Ahmed\git\AdaptikApplications\SapinesPolicyAndBillingTest\target\test-classes;C:\Users\Shaik.Ahmed\git\AdaptikApplications\SapinesPolicyAndBillingTest\target\classes;C:\Users\Shaik.Ahmed\.m2\repository\org\seleniumhq\selenium\selenium-java\4.1.2\selenium-java-4.1.2.jar;C:\Users\Shaik.Ahmed\.m2\repository\org\seleniumhq\selenium\selenium-api\4.1.2\selenium-api-4.1.2.jar;C:\Users\Shaik.Ahmed\.m2\repository\org\seleniumhq\selenium\selenium-chrome-driver\4.1.2\selenium-chrome-driver-4.1.2.jar;C:\Users\Shaik.Ahmed\.m2\repository\com\google\auto\service\auto-service-annotations\1.0.1\auto-service-annotations-1.0.1.jar;C:\Users\Shaik.Ahmed\.m2\repository\com\google\auto\service\auto-service\1.0.1\auto-service-1.0.1.jar;C:\Users\Shaik.Ahmed\.m2\repository\com\google\auto\auto-common\1.2\auto-common-1.2.jar;C:\Users\Shaik.Ahmed\.m2\repository\com\google\guava\guava\31.0.1-jre\guava-31.0.1-jre.jar;C:\Users\Shaik.Ahmed\.m2\repository\com\google\guava\failureaccess\1.0.1\failureaccess-1.0.1.jar;C:\Users\Shaik.Ahmed\.m2\repository\com\google\guava\listenablefuture\9999.0-empty-to-avoid-conflict-with-guava\listenablefuture-9999.0-empty-to-avoid-conflict-with-guava.jar;C:\Users\Shaik.Ahmed\.m2\repository\org\checkerframework\checker-qual\3.12.0\checker-qual-3.12.0.jar;C:\Users\Shaik.Ahmed\.m2\repository\com\google\errorprone\error_prone_annotations\2.7.1\error_prone_annotations-2.7.1.jar;C:\Users\Shaik.Ahmed\.m2\repository\com\google\j2objc\j2objc-annotations\1.3\j2objc-annotations-1.3.jar;C:\Users\Shaik.Ahmed\.m2\repository\org\seleniumhq\selenium\selenium-chromium-driver\4.1.2\selenium-chromium-driver-4.1.2.jar;C:\Users\Shaik.Ahmed\.m2\repository\org\seleniumhq\selenium\selenium-json\4.1.2\selenium-json-4.1.2.jar;C:\Users\Shaik.Ahmed\.m2\repository\org\seleniumhq\selenium\selenium-devtools-v85\4.1.2\selenium-devtools-v85-4.1.2.jar;C:\Users\Shaik.Ahmed\.m2\repository\org\seleniumhq\selenium\selenium-devtools-v95\4.1.2\selenium-devtools-v95-4.1.2.jar;C:\Users\Shaik.Ahmed\.m2\repository\org\seleniumhq\selenium\selenium-devtools-v96\4.1.2\selenium-devtools-v96-4.1.2.jar;C:\Users\Shaik.Ahmed\.m2\repository\org\seleniumhq\selenium\selenium-devtools-v97\4.1.2\selenium-devtools-v97-4.1.2.jar;C:\Users\Shaik.Ahmed\.m2\repository\org\seleniumhq\selenium\selenium-edge-driver\4.1.2\selenium-edge-driver-4.1.2.jar;C:\Users\Shaik.Ahmed\.m2\repository\org\seleniumhq\selenium\selenium-firefox-driver\4.1.2\selenium-firefox-driver-4.1.2.jar;C:\Users\Shaik.Ahmed\.m2\repository\org\seleniumhq\selenium\selenium-firefox-xpi-driver\4.1.2\selenium-firefox-xpi-driver-4.1.2.jar;C:\Users\Shaik.Ahmed\.m2\repository\org\seleniumhq\selenium\selenium-ie-driver\4.1.2\selenium-ie-driver-4.1.2.jar;C:\Users\Shaik.Ahmed\.m2\repository\org\seleniumhq\selenium\selenium-opera-driver\4.1.2\selenium-opera-driver-4.1.2.jar;C:\Users\Shaik.Ahmed\.m2\repository\org\seleniumhq\selenium\selenium-remote-driver\4.1.2\selenium-remote-driver-4.1.2.jar;C:\Users\Shaik.Ahmed\.m2\repository\io\netty\netty-buffer\4.1.73.Final\netty-buffer-4.1.73.Final.jar;C:\Users\Shaik.Ahmed\.m2\repository\io\netty\netty-codec-http\4.1.73.Final\netty-codec-http-4.1.73.Final.jar;C:\Users\Shaik.Ahmed\.m2\repository\io\netty\netty-codec\4.1.73.Final\netty-codec-4.1.73.Final.jar;C:\Users\Shaik.Ahmed\.m2\repository\io\netty\netty-handler\4.1.73.Final\netty-handler-4.1.73.Final.jar;C:\Users\Shaik.Ahmed\.m2\repository\io\netty\netty-tcnative-classes\2.0.46.Final\netty-tcnative-classes-2.0.46.Final.jar;C:\Users\Shaik.Ahmed\.m2\repository\io\netty\netty-common\4.1.73.Final\netty-common-4.1.73.Final.jar;C:\Users\Shaik.Ahmed\.m2\repository\io\netty\netty-transport-classes-epoll\4.1.73.Final\netty-transport-classes-epoll-4.1.73.Final.jar;C:\Users\Shaik.Ahmed\.m2\repository\io\netty\netty-transport-classes-kqueue\4.1.73.Final\netty-transport-classes-kqueue-4.1.73.Final.jar;C:\Users\Shaik.Ahmed\.m2\repository\io\netty\netty-transport-native-epoll\4.1.73.Final\netty-transport-native-epoll-4.1.73.Final.jar;C:\Users\Shaik.Ahmed\.m2\repository\io\netty\netty-transport-native-kqueue\4.1.73.Final\netty-transport-native-kqueue-4.1.73.Final.jar;C:\Users\Shaik.Ahmed\.m2\repository\io\netty\netty-transport-native-unix-common\4.1.73.Final\netty-transport-native-unix-common-4.1.73.Final.jar;C:\Users\Shaik.Ahmed\.m2\repository\io\netty\netty-transport\4.1.73.Final\netty-transport-4.1.73.Final.jar;C:\Users\Shaik.Ahmed\.m2\repository\io\netty\netty-resolver\4.1.73.Final\netty-resolver-4.1.73.Final.jar;C:\Users\Shaik.Ahmed\.m2\repository\io\opentelemetry\opentelemetry-api\1.10.1\opentelemetry-api-1.10.1.jar;C:\Users\Shaik.Ahmed\.m2\repository\io\opentelemetry\opentelemetry-context\1.10.1\opentelemetry-context-1.10.1.jar;C:\Users\Shaik.Ahmed\.m2\repository\io\opentelemetry\opentelemetry-exporter-logging\1.10.1\opentelemetry-exporter-logging-1.10.1.jar;C:\Users\Shaik.Ahmed\.m2\repository\io\opentelemetry\opentelemetry-sdk-metrics\1.10.1-alpha\opentelemetry-sdk-metrics-1.10.1-alpha.jar;C:\Users\Shaik.Ahmed\.m2\repository\io\opentelemetry\opentelemetry-sdk-logs\1.10.1-alpha\opentelemetry-sdk-logs-1.10.1-alpha.jar;C:\Users\Shaik.Ahmed\.m2\repository\io\opentelemetry\opentelemetry-sdk-common\1.10.1\opentelemetry-sdk-common-1.10.1.jar;C:\Users\Shaik.Ahmed\.m2\repository\io\opentelemetry\opentelemetry-sdk-extension-autoconfigure-spi\1.10.1\opentelemetry-sdk-extension-autoconfigure-spi-1.10.1.jar;C:\Users\Shaik.Ahmed\.m2\repository\io\opentelemetry\opentelemetry-sdk-extension-autoconfigure\1.10.1-alpha\opentelemetry-sdk-extension-autoconfigure-1.10.1-alpha.jar;C:\Users\Shaik.Ahmed\.m2\repository\io\opentelemetry\opentelemetry-sdk-trace\1.10.1\opentelemetry-sdk-trace-1.10.1.jar;C:\Users\Shaik.Ahmed\.m2\repository\io\opentelemetry\opentelemetry-sdk\1.10.1\opentelemetry-sdk-1.10.1.jar;C:\Users\Shaik.Ahmed\.m2\repository\io\opentelemetry\opentelemetry-semconv\1.10.1-alpha\opentelemetry-semconv-1.10.1-alpha.jar;C:\Users\Shaik.Ahmed\.m2\repository\io\ous\jtoml\2.0.0\jtoml-2.0.0.jar;C:\Users\Shaik.Ahmed\.m2\repository\net\bytebuddy\byte-buddy\1.12.7\byte-buddy-1.12.7.jar;C:\Users\Shaik.Ahmed\.m2\repository\org\apache\commons\commons-exec\1.3\commons-exec-1.3.jar;C:\Users\Shaik.Ahmed\.m2\repository\org\asynchttpclient\async-http-client\2.12.3\async-http-client-2.12.3.jar;C:\Users\Shaik.Ahmed\.m2\repository\org\asynchttpclient\async-http-client-netty-utils\2.12.3\async-http-client-netty-utils-2.12.3.jar;C:\Users\Shaik.Ahmed\.m2\repository\io\netty\netty-codec-socks\4.1.60.Final\netty-codec-socks-4.1.60.Final.jar;C:\Users\Shaik.Ahmed\.m2\repository\io\netty\netty-handler-proxy\4.1.60.Final\netty-handler-proxy-4.1.60.Final.jar;C:\Users\Shaik.Ahmed\.m2\repository\io\netty\netty-transport-native-epoll\4.1.60.Final\netty-transport-native-epoll-4.1.60.Final-linux-x86_64.jar;C:\Users\Shaik.Ahmed\.m2\repository\io\netty\netty-transport-native-kqueue\4.1.60.Final\netty-transport-native-kqueue-4.1.60.Final-osx-x86_64.jar;C:\Users\Shaik.Ahmed\.m2\repository\org\reactivestreams\reactive-streams\1.0.3\reactive-streams-1.0.3.jar;C:\Users\Shaik.Ahmed\.m2\repository\com\typesafe\netty\netty-reactive-streams\2.0.4\netty-reactive-streams-2.0.4.jar;C:\Users\Shaik.Ahmed\.m2\repository\com\sun\activation\jakarta.activation\1.2.2\jakarta.activation-1.2.2.jar;C:\Users\Shaik.Ahmed\.m2\repository\org\seleniumhq\selenium\selenium-http\4.1.2\selenium-http-4.1.2.jar;C:\Users\Shaik.Ahmed\.m2\repository\net\jodah\failsafe\2.4.4\failsafe-2.4.4.jar;C:\Users\Shaik.Ahmed\.m2\repository\org\seleniumhq\selenium\selenium-safari-driver\4.1.2\selenium-safari-driver-4.1.2.jar;C:\Users\Shaik.Ahmed\.m2\repository\org\seleniumhq\selenium\selenium-support\4.1.2\selenium-support-4.1.2.jar;C:\Users\Shaik.Ahmed\.m2\repository\org\testng\testng\7.5\testng-7.5.jar;C:\Users\Shaik.Ahmed\.m2\repository\com\google\code\findbugs\jsr305\3.0.1\jsr305-3.0.1.jar;C:\Users\Shaik.Ahmed\.m2\repository\org\slf4j\slf4j-api\1.7.32\slf4j-api-1.7.32.jar;C:\Users\Shaik.Ahmed\.m2\repository\com\beust\jcommander\1.78\jcommander-1.78.jar;C:\Users\Shaik.Ahmed\.m2\repository\org\webjars\jquery\3.5.1\jquery-3.5.1.jar;C:\Users\Shaik.Ahmed\.m2\repository\com\relevantcodes\extentreports\2.41.2\extentreports-2.41.2.jar;C:\Users\Shaik.Ahmed\.m2\repository\org\jsoup\jsoup\1.8.3\jsoup-1.8.3.jar;C:\Users\Shaik.Ahmed\.m2\repository\org\xerial\sqlite-jdbc\3.8.11.1\sqlite-jdbc-3.8.11.1.jar;C:\Users\Shaik.Ahmed\.m2\repository\org\freemarker\freemarker\2.3.23\freemarker-2.3.23.jar;C:\Users\Shaik.Ahmed\.m2\repository\org\mongodb\mongodb-driver\3.0.4\mongodb-driver-3.0.4.jar;C:\Users\Shaik.Ahmed\.m2\repository\org\mongodb\bson\3.0.4\bson-3.0.4.jar;C:\Users\Shaik.Ahmed\.m2\repository\org\mongodb\mongodb-driver-core\3.0.4\mongodb-driver-core-3.0.4.jar;C:\Users\Shaik.Ahmed\.m2\repository\org\apache\poi\poi\3.9\poi-3.9.jar;C:\Users\Shaik.Ahmed\.m2\repository\commons-codec\commons-codec\1.5\commons-codec-1.5.jar;C:\Users\Shaik.Ahmed\.m2\repository\org\apache\poi\poi-ooxml\3.9\poi-ooxml-3.9.jar;C:\Users\Shaik.Ahmed\.m2\repository\dom4j\dom4j\1.6.1\dom4j-1.6.1.jar;C:\Users\Shaik.Ahmed\.m2\repository\xml-apis\xml-apis\1.0.b2\xml-apis-1.0.b2.jar;C:\Users\Shaik.Ahmed\.m2\repository\org\apache\poi\poi-ooxml-schemas\3.9\poi-ooxml-schemas-3.9.jar;C:\Users\Shaik.Ahmed\.m2\repository\org\apache\xmlbeans\xmlbeans\2.3.0\xmlbeans-2.3.0.jar;C:\Users\Shaik.Ahmed\.m2\repository\stax\stax-api\1.0.1\stax-api-1.0.1.jar;C:\Users\Shaik.Ahmed\.m2\repository\org\apache\poi\poi-scratchpad\3.9\poi-scratchpad-3.9.jar;C:\Users\Shaik.Ahmed\.m2\repository\org\apache\poi\ooxml-schemas\1.1\ooxml-schemas-1.1.jar;C:\Users\Shaik.Ahmed\.m2\repository\org\apache\poi\openxml4j\1.0-beta\openxml4j-1.0-beta.jar;C:\Users\Shaik.Ahmed\.m2\repository\log4j\log4j\1.2.8\log4j-1.2.8.jar;C:\Users\Shaik.Ahmed\.m2\repository\commons-io\commons-io\2.6\commons-io-2.6.jar;C:\Users\Shaik.Ahmed\.m2\repository\io\qameta\allure\allure-testng\2.17.2\allure-testng-2.17.2.jar;C:\Users\Shaik.Ahmed\.m2\repository\io\qameta\allure\allure-java-commons\2.17.2\allure-java-commons-2.17.2.jar;C:\Users\Shaik.Ahmed\.m2\repository\io\qameta\allure\allure-model\2.17.2\allure-model-2.17.2.jar;C:\Users\Shaik.Ahmed\.m2\repository\io\qameta\allure\allure-test-filter\2.17.2\allure-test-filter-2.17.2.jar;C:\Users\Shaik.Ahmed\.m2\repository\org\seleniumhq\selenium\htmlunit-driver\3.58.0\htmlunit-driver-3.58.0.jar;C:\Users\Shaik.Ahmed\.m2\repository\net\sourceforge\htmlunit\htmlunit\2.58.0\htmlunit-2.58.0.jar;C:\Users\Shaik.Ahmed\.m2\repository\xalan\xalan\2.7.2\xalan-2.7.2.jar;C:\Users\Shaik.Ahmed\.m2\repository\xalan\serializer\2.7.2\serializer-2.7.2.jar;C:\Users\Shaik.Ahmed\.m2\repository\org\apache\commons\commons-lang3\3.12.0\commons-lang3-3.12.0.jar;C:\Users\Shaik.Ahmed\.m2\repository\org\apache\commons\commons-text\1.9\commons-text-1.9.jar;C:\Users\Shaik.Ahmed\.m2\repository\org\apache\httpcomponents\httpmime\4.5.13\httpmime-4.5.13.jar;C:\Users\Shaik.Ahmed\.m2\repository\org\apache\httpcomponents\httpclient\4.5.13\httpclient-4.5.13.jar;C:\Users\Shaik.Ahmed\.m2\repository\org\apache\httpcomponents\httpcore\4.4.13\httpcore-4.4.13.jar;C:\Users\Shaik.Ahmed\.m2\repository\net\sourceforge\htmlunit\htmlunit-core-js\2.58.0\htmlunit-core-js-2.58.0.jar;C:\Users\Shaik.Ahmed\.m2\repository\net\sourceforge\htmlunit\neko-htmlunit\2.58.0\neko-htmlunit-2.58.0.jar;C:\Users\Shaik.Ahmed\.m2\repository\xerces\xercesImpl\2.12.2\xercesImpl-2.12.2.jar;C:\Users\Shaik.Ahmed\.m2\repository\net\sourceforge\htmlunit\htmlunit-cssparser\1.11.0\htmlunit-cssparser-1.11.0.jar;C:\Users\Shaik.Ahmed\.m2\repository\commons-logging\commons-logging\1.2\commons-logging-1.2.jar;C:\Users\Shaik.Ahmed\.m2\repository\commons-net\commons-net\3.8.0\commons-net-3.8.0.jar;C:\Users\Shaik.Ahmed\.m2\repository\org\brotli\dec\0.1.2\dec-0.1.2.jar;C:\Users\Shaik.Ahmed\.m2\repository\com\shapesecurity\salvation2\3.0.0\salvation2-3.0.0.jar;C:\Users\Shaik.Ahmed\.m2\repository\org\eclipse\jetty\websocket\websocket-client\9.4.44.v20210927\websocket-client-9.4.44.v20210927.jar;C:\Users\Shaik.Ahmed\.m2\repository\org\eclipse\jetty\jetty-client\9.4.44.v20210927\jetty-client-9.4.44.v20210927.jar;C:\Users\Shaik.Ahmed\.m2\repository\org\eclipse\jetty\jetty-http\9.4.44.v20210927\jetty-http-9.4.44.v20210927.jar;C:\Users\Shaik.Ahmed\.m2\repository\org\eclipse\jetty\jetty-util\9.4.44.v20210927\jetty-util-9.4.44.v20210927.jar;C:\Users\Shaik.Ahmed\.m2\repository\org\eclipse\jetty\jetty-io\9.4.44.v20210927\jetty-io-9.4.44.v20210927.jar;C:\Users\Shaik.Ahmed\.m2\repository\org\eclipse\jetty\websocket\websocket-common\9.4.44.v20210927\websocket-common-9.4.44.v20210927.jar;C:\Users\Shaik.Ahmed\.m2\repository\org\eclipse\jetty\websocket\websocket-api\9.4.44.v20210927\websocket-api-9.4.44.v20210927.jar;"/>
    <property name="sun.cpu.endian" value="little"/>
    <property name="user.home" value="C:\Users\Shaik.Ahmed"/>
    <property name="user.language" value="en"/>
    <property name="java.specification.vendor" value="Oracle Corporation"/>
    <property name="java.version.date" value="2021-10-19"/>
    <property name="java.home" value="C:\Users\Shaik.Ahmed\.p2\pool\plugins\org.eclipse.justj.openjdk.hotspot.jre.full.win32.x86_64_17.0.1.v20211116-1657\jre"/>
    <property name="file.separator" value="\"/>
    <property name="basedir" value="C:\Users\Shaik.Ahmed\git\AdaptikApplications\SapinesPolicyAndBillingTest"/>
    <property name="java.vm.compressedOopsMode" value="32-bit"/>
    <property name="line.separator" value="&#10;"/>
    <property name="java.vm.specification.vendor" value="Oracle Corporation"/>
    <property name="java.specification.name" value="Java Platform API Specification"/>
    <property name="surefire.real.class.path" value="C:\Users\SHAIK~1.AHM\AppData\Local\Temp\surefire5691376947460305482\surefirebooter3358784270326361427.jar"/>
    <property name="user.script" value=""/>
    <property name="sun.management.compiler" value="HotSpot 64-Bit Tiered Compilers"/>
    <property name="java.runtime.version" value="17.0.1+12"/>
    <property name="user.name" value="Shaik.Ahmed"/>
    <property name="path.separator" value=";"/>
    <property name="os.version" value="10.0"/>
    <property name="java.runtime.name" value="OpenJDK Runtime Environment"/>
    <property name="file.encoding" value="Cp1252"/>
    <property name="java.vm.name" value="OpenJDK 64-Bit Server VM"/>
    <property name="java.vendor.version" value="Temurin-17.0.1+12"/>
    <property name="localRepository" value="C:\Users\Shaik.Ahmed\.m2\repository"/>
    <property name="java.vendor.url.bug" value="https://github.com/adoptium/adoptium-support/issues"/>
    <property name="java.io.tmpdir" value="C:\Users\SHAIK~1.AHM\AppData\Local\Temp\"/>
    <property name="java.version" value="17.0.1"/>
    <property name="user.dir" value="C:\Users\Shaik.Ahmed\git\AdaptikApplications\SapinesPolicyAndBillingTest"/>
    <property name="os.arch" value="amd64"/>
    <property name="java.vm.specification.name" value="Java Virtual Machine Specification"/>
    <property name="sun.os.patch.level" value=""/>
    <property name="native.encoding" value="Cp1252"/>
    <property name="java.library.path" value="C:\Users\Shaik.Ahmed\.p2\pool\plugins\org.eclipse.justj.openjdk.hotspot.jre.full.win32.x86_64_17.0.1.v20211116-1657\jre\bin;C:\WINDOWS\Sun\Java\bin;C:\WINDOWS\system32;C:\WINDOWS;C:/Users/Shaik.Ahmed/.p2/pool/plugins/org.eclipse.justj.openjdk.hotspot.jre.full.win32.x86_64_17.0.1.v20211116-1657/jre/bin/server;C:/Users/Shaik.Ahmed/.p2/pool/plugins/org.eclipse.justj.openjdk.hotspot.jre.full.win32.x86_64_17.0.1.v20211116-1657/jre/bin;C:\Python310\Scripts\;C:\Python310\;C:\Program Files (x86)\Common Files\Oracle\Java\javapath;D:\app\Shaik.Ahmed\product\11.2.0\client_1\bin;C:\WINDOWS\system32;C:\WINDOWS;C:\WINDOWS\System32\Wbem;C:\WINDOWS\System32\WindowsPowerShell\v1.0\;C:\Windows\CCM;C:\WINDOWS\System32\OpenSSH\;C:\Program Files\TortoiseSVN\bin;C:\Program Files\Java\jdk1.8.0_192\bin;C:\Program Files\Java\jre1.8.0_192\bin;D:\app\Shaik.Ahmed\product\11.2.0\client_1\jre\1.5.0\bin;D:\app\Shaik.Ahmed\product\11.2.0\client_1\jdk\bin;C:\Program Files (x86)\Intel\Intel(R) Management Engine Components\DAL;C:\Program Files\Intel\Intel(R) Management Engine Components\DAL;C:\Program Files\PuTTY\;C:\Program Files (x86)\Microsoft SQL Server\150\DTS\Binn\;C:\Program Files\Intel\WiFi\bin\;C:\Program Files\Common Files\Intel\WirelessCommon\;C:\Program Files\nodejs\;C:\ProgramData\chocolatey\bin;C:\Users\Shaik.Ahmed\AppData\Local\Microsoft\WindowsApps;C:\Users\Shaik.Ahmed\AppData\Roaming\npm;C:\Users\Shaik.Ahmed\AppData\Local\Programs\Microsoft VS Code\bin;C:\Program Files\allure-2.17.2\bin;;C:\WINDOWS\system32;;."/>
    <property name="java.vm.info" value="mixed mode"/>
    <property name="java.vendor" value="Eclipse Adoptium"/>
    <property name="java.vm.version" value="17.0.1+12"/>
    <property name="sun.io.unicode.encoding" value="UnicodeLittle"/>
    <property name="java.class.version" value="61.0"/>
  </properties>
  <testcase name="loginPageTitleTest" classname="com.adaptikPolicyAndBilling.qa.testCases.LoginPageTest" time="0.143"/>
  <testcase name="loginTest" classname="com.adaptikPolicyAndBilling.qa.testCases.LoginPageTest" time="33.136"/>
  <testcase name="remittanceBatchDetailsTest" classname="com.adaptikPolicyAndBilling.qa.testCases.RemittanceBatchPageTest" time="78.758"/>
  <testcase name="remittanceBatchDetailsTest" classname="com.adaptikPolicyAndBilling.qa.testCases.RemittanceBatchPageTest" time="79.068"/>
  <testcase name="SearchPageTitleTest" classname="com.adaptikPolicyAndBilling.qa.testCases.SearchPageTest" time="0.029"/>
  <testcase name="AccountSearch" classname="com.adaptikPolicyAndBilling.qa.testCases.SearchPageTest" time="0.512">
    <failure message="&#10;[public void com.adaptikPolicyAndBilling.qa.testCases.SearchPageTest.AccountSearch(java.lang.String)] has no parameters defined but was found to be using a data provider (either explicitly specified or inherited from class level annotation).&#10;Data provider mismatch&#10;Method: AccountSearch([Parameter{index=0, type=java.lang.String, declaredAnnotations=[]}])&#10;Arguments: [(java.lang.String) 496300001,(java.lang.String) WO]" type="org.testng.internal.reflect.MethodMatcherException">org.testng.internal.reflect.MethodMatcherException: 

[public void com.adaptikPolicyAndBilling.qa.testCases.SearchPageTest.AccountSearch(java.lang.String)] has no parameters defined but was found to be using a data provider (either explicitly specified or inherited from class level annotation).
Data provider mismatch
Method: AccountSearch([Parameter{index=0, type=java.lang.String, declaredAnnotations=[]}])
Arguments: [(java.lang.String) 496300001,(java.lang.String) WO]
</failure>
  </testcase>
  <testcase name="accountDashBoardPageTitleTest" classname="com.adaptikPolicyAndBilling.qa.testCases.AccountDashBoardTest" time="0.035"/>
  <testcase name="MakeAdjustmentTest" classname="com.adaptikPolicyAndBilling.qa.testCases.AccountDashBoardTest" time="37.432">
    <failure message="no such element: Unable to locate element: {&quot;method&quot;:&quot;xpath&quot;,&quot;selector&quot;:&quot;//select[@id=&apos;U1_77_Q_30011_3_C_4_C&apos;]&quot;}&#10;  (Session info: chrome=98.0.4758.82)&#10;For documentation on this error, please visit: https://selenium.dev/exceptions/#no_such_element&#10;Build info: version: &apos;4.1.2&apos;, revision: &apos;9a5a329c5a&apos;&#10;System info: host: &apos;INLT1501&apos;, ip: &apos;10.21.204.70&apos;, os.name: &apos;Windows 10&apos;, os.arch: &apos;amd64&apos;, os.version: &apos;10.0&apos;, java.version: &apos;17.0.1&apos;&#10;Driver info: org.openqa.selenium.chrome.ChromeDriver&#10;Command: [afbd716186232db8f2389de8e126d006, findElement {using=xpath, value=//select[@id=&apos;U1_77_Q_30011_3_C_4_C&apos;]}]&#10;Capabilities {acceptInsecureCerts: false, browserName: chrome, browserVersion: 98.0.4758.82, chrome: {chromedriverVersion: 98.0.4758.80 (7f0488e8ba0d8..., userDataDir: C:\Users\SHAIK~1.AHM\AppDat...}, goog:chromeOptions: {debuggerAddress: localhost:49657}, javascriptEnabled: true, networkConnectionEnabled: false, pageLoadStrategy: normal, platform: WINDOWS, platformName: WINDOWS, proxy: Proxy(), se:cdp: ws://localhost:49657/devtoo..., se:cdpVersion: 98.0.4758.82, setWindowRect: true, strictFileInteractability: false, timeouts: {implicit: 0, pageLoad: 300000, script: 30000}, unhandledPromptBehavior: dismiss and notify, webauthn:extension:credBlob: true, webauthn:extension:largeBlob: true, webauthn:virtualAuthenticators: true}&#10;Session ID: afbd716186232db8f2389de8e126d006" type="org.openqa.selenium.NoSuchElementException">org.openqa.selenium.NoSuchElementException: 
no such element: Unable to locate element: {"method":"xpath","selector":"//select[@id='U1_77_Q_30011_3_C_4_C']"}
  (Session info: chrome=98.0.4758.82)
For documentation on this error, please visit: https://selenium.dev/exceptions/#no_such_element
Build info: version: '4.1.2', revision: '9a5a329c5a'
System info: host: 'INLT1501', ip: '10.21.204.70', os.name: 'Windows 10', os.arch: 'amd64', os.version: '10.0', java.version: '17.0.1'
Driver info: org.openqa.selenium.chrome.ChromeDriver
Command: [afbd716186232db8f2389de8e126d006, findElement {using=xpath, value=//select[@id='U1_77_Q_30011_3_C_4_C']}]
Capabilities {acceptInsecureCerts: false, browserName: chrome, browserVersion: 98.0.4758.82, chrome: {chromedriverVersion: 98.0.4758.80 (7f0488e8ba0d8..., userDataDir: C:\Users\SHAIK~1.AHM\AppDat...}, goog:chromeOptions: {debuggerAddress: localhost:49657}, javascriptEnabled: true, networkConnectionEnabled: false, pageLoadStrategy: normal, platform: WINDOWS, platformName: WINDOWS, proxy: Proxy(), se:cdp: ws://localhost:49657/devtoo..., se:cdpVersion: 98.0.4758.82, setWindowRect: true, strictFileInteractability: false, timeouts: {implicit: 0, pageLoad: 300000, script: 30000}, unhandledPromptBehavior: dismiss and notify, webauthn:extension:credBlob: true, webauthn:extension:largeBlob: true, webauthn:virtualAuthenticators: true}
Session ID: afbd716186232db8f2389de8e126d006
	at com.adaptikPolicyAndBilling.qa.testCases.AccountDashBoardTest.MakeAdjustmentTest(AccountDashBoardTest.java:75)
</failure>
    <system-out><![CDATA[ChromeInitialized Chrome Browser]]></system-out>
    <system-err><![CDATA[Starting ChromeDriver 98.0.4758.80 (7f0488e8ba0d8e019187c6325a16c29d9b7f4989-refs/branch-heads/4758@{#972}) on port 52068
Only local connections are allowed.
Please see https://chromedriver.chromium.org/security-considerations for suggestions on keeping ChromeDriver safe.
ChromeDriver was started successfully.
Feb 15, 2022 12:34:39 AM org.openqa.selenium.remote.ProtocolHandshake createSession
INFO: Detected dialect: W3C
Feb 15, 2022 12:34:39 AM org.openqa.selenium.devtools.CdpVersionFinder findNearestMatch
WARNING: Unable to find an exact match for CDP version 98, so returning the closest version found: 97
Feb 15, 2022 12:34:39 AM org.openqa.selenium.devtools.CdpVersionFinder findNearestMatch
INFO: Found CDP implementation for version 98 of 97
]]></system-err>
  </testcase>
  <testcase name="MakeAdjustmentTest" classname="com.adaptikPolicyAndBilling.qa.testCases.AccountDashBoardTest" time="37.125">
    <failure message="no such element: Unable to locate element: {&quot;method&quot;:&quot;xpath&quot;,&quot;selector&quot;:&quot;//select[@id=&apos;U1_77_Q_30011_3_C_4_C&apos;]&quot;}&#10;  (Session info: chrome=98.0.4758.82)&#10;For documentation on this error, please visit: https://selenium.dev/exceptions/#no_such_element&#10;Build info: version: &apos;4.1.2&apos;, revision: &apos;9a5a329c5a&apos;&#10;System info: host: &apos;INLT1501&apos;, ip: &apos;10.21.204.70&apos;, os.name: &apos;Windows 10&apos;, os.arch: &apos;amd64&apos;, os.version: &apos;10.0&apos;, java.version: &apos;17.0.1&apos;&#10;Driver info: org.openqa.selenium.chrome.ChromeDriver&#10;Command: [811a2b27dfbc6b4221b4c6ae262d3feb, findElement {using=xpath, value=//select[@id=&apos;U1_77_Q_30011_3_C_4_C&apos;]}]&#10;Capabilities {acceptInsecureCerts: false, browserName: chrome, browserVersion: 98.0.4758.82, chrome: {chromedriverVersion: 98.0.4758.80 (7f0488e8ba0d8..., userDataDir: C:\Users\SHAIK~1.AHM\AppDat...}, goog:chromeOptions: {debuggerAddress: localhost:49860}, javascriptEnabled: true, networkConnectionEnabled: false, pageLoadStrategy: normal, platform: WINDOWS, platformName: WINDOWS, proxy: Proxy(), se:cdp: ws://localhost:49860/devtoo..., se:cdpVersion: 98.0.4758.82, setWindowRect: true, strictFileInteractability: false, timeouts: {implicit: 0, pageLoad: 300000, script: 30000}, unhandledPromptBehavior: dismiss and notify, webauthn:extension:credBlob: true, webauthn:extension:largeBlob: true, webauthn:virtualAuthenticators: true}&#10;Session ID: 811a2b27dfbc6b4221b4c6ae262d3feb" type="org.openqa.selenium.NoSuchElementException">org.openqa.selenium.NoSuchElementException: 
no such element: Unable to locate element: {"method":"xpath","selector":"//select[@id='U1_77_Q_30011_3_C_4_C']"}
  (Session info: chrome=98.0.4758.82)
For documentation on this error, please visit: https://selenium.dev/exceptions/#no_such_element
Build info: version: '4.1.2', revision: '9a5a329c5a'
System info: host: 'INLT1501', ip: '10.21.204.70', os.name: 'Windows 10', os.arch: 'amd64', os.version: '10.0', java.version: '17.0.1'
Driver info: org.openqa.selenium.chrome.ChromeDriver
Command: [811a2b27dfbc6b4221b4c6ae262d3feb, findElement {using=xpath, value=//select[@id='U1_77_Q_30011_3_C_4_C']}]
Capabilities {acceptInsecureCerts: false, browserName: chrome, browserVersion: 98.0.4758.82, chrome: {chromedriverVersion: 98.0.4758.80 (7f0488e8ba0d8..., userDataDir: C:\Users\SHAIK~1.AHM\AppDat...}, goog:chromeOptions: {debuggerAddress: localhost:49860}, javascriptEnabled: true, networkConnectionEnabled: false, pageLoadStrategy: normal, platform: WINDOWS, platformName: WINDOWS, proxy: Proxy(), se:cdp: ws://localhost:49860/devtoo..., se:cdpVersion: 98.0.4758.82, setWindowRect: true, strictFileInteractability: false, timeouts: {implicit: 0, pageLoad: 300000, script: 30000}, unhandledPromptBehavior: dismiss and notify, webauthn:extension:credBlob: true, webauthn:extension:largeBlob: true, webauthn:virtualAuthenticators: true}
Session ID: 811a2b27dfbc6b4221b4c6ae262d3feb
	at com.adaptikPolicyAndBilling.qa.testCases.AccountDashBoardTest.MakeAdjustmentTest(AccountDashBoardTest.java:75)
</failure>
    <system-out><![CDATA[ChromeInitialized Chrome Browser]]></system-out>
    <system-err><![CDATA[Starting ChromeDriver 98.0.4758.80 (7f0488e8ba0d8e019187c6325a16c29d9b7f4989-refs/branch-heads/4758@{#972}) on port 61094
Only local connections are allowed.
Please see https://chromedriver.chromium.org/security-considerations for suggestions on keeping ChromeDriver safe.
ChromeDriver was started successfully.
Feb 15, 2022 12:35:52 AM org.openqa.selenium.remote.ProtocolHandshake createSession
INFO: Detected dialect: W3C
Feb 15, 2022 12:35:52 AM org.openqa.selenium.devtools.CdpVersionFinder findNearestMatch
WARNING: Unable to find an exact match for CDP version 98, so returning the closest version found: 97
Feb 15, 2022 12:35:52 AM org.openqa.selenium.devtools.CdpVersionFinder findNearestMatch
INFO: Found CDP implementation for version 98 of 97
]]></system-err>
  </testcase>
</testsuite>