<?xml version="1.0" encoding="UTF-8"?>
<!-- Generated by org.testng.reporters.JUnitReportReporter -->
<testsuite hostname="INLT1501" failures="0" tests="3" name="com.adaptikPolicyAndBilling.qa.testCases.SearchPageTest" time="122.229" errors="0" timestamp="2022-02-13T19:00:16 IST" skipped="0">
  <testcase classname="com.adaptikPolicyAndBilling.qa.testCases.SearchPageTest" name="SearchPageTitleTest" time="51.576"/>
  <system-out/>
  <testcase classname="com.adaptikPolicyAndBilling.qa.testCases.SearchPageTest" name="AccountSearch" time="36.285"/>
  <system-out/>
  <testcase classname="com.adaptikPolicyAndBilling.qa.testCases.SearchPageTest" name="AccountSearch" time="34.368"/>
  <system-out/>
</testsuite> <!-- com.adaptikPolicyAndBilling.qa.testCases.SearchPageTest -->
