<?xml version="1.0" encoding="UTF-8"?>
<!-- Generated by org.testng.reporters.JUnitReportReporter -->
<testsuite hostname="INLT1501" failures="0" tests="1" name="com.adaptikPolicyAndBilling.qa.testCases.RemittanceBatchPageTest" time="120.904" errors="0" timestamp="2022-02-14T22:32:18 IST" skipped="0">
  <testcase classname="com.adaptikPolicyAndBilling.qa.testCases.RemittanceBatchPageTest" name="remittanceBatchDetailsTest" time="120.904"/>
  <system-out/>
</testsuite> <!-- com.adaptikPolicyAndBilling.qa.testCases.RemittanceBatchPageTest -->
