<?xml version="1.0" encoding="UTF-8"?>
<!-- Generated by org.testng.reporters.JUnitReportReporter -->
<testsuite hostname="INLT1501" failures="0" tests="3" name="com.adaptikPolicyAndBilling.qa.testCases.SearchPageTest" time="111.014" errors="0" timestamp="2022-02-14T03:28:01 IST" skipped="0">
  <testcase classname="com.adaptikPolicyAndBilling.qa.testCases.SearchPageTest" name="SearchPageTitleTest" time="35.866"/>
  <system-out/>
  <testcase classname="com.adaptikPolicyAndBilling.qa.testCases.SearchPageTest" name="AccountSearch" time="37.253"/>
  <system-out/>
  <testcase classname="com.adaptikPolicyAndBilling.qa.testCases.SearchPageTest" name="AccountSearch" time="37.895"/>
  <system-out/>
</testsuite> <!-- com.adaptikPolicyAndBilling.qa.testCases.SearchPageTest -->
