<?xml version="1.0" encoding="UTF-8"?>
<!-- Generated by org.testng.reporters.JUnitReportReporter -->
<testsuite hostname="INLT1501" failures="0" tests="2" name="com.adaptikPolicyAndBilling.qa.testCases.LoginPageTest" time="50.538" errors="0" timestamp="2022-02-13T19:00:16 IST" skipped="0">
  <testcase classname="com.adaptikPolicyAndBilling.qa.testCases.LoginPageTest" name="loginPageTitleTest" time="9.176"/>
  <system-out/>
  <testcase classname="com.adaptikPolicyAndBilling.qa.testCases.LoginPageTest" name="loginTest" time="41.362"/>
  <system-out/>
</testsuite> <!-- com.adaptikPolicyAndBilling.qa.testCases.LoginPageTest -->
